f:\code\greenonion\greenonion\x64\debug\vc143.pdb
f:\code\greenonion\greenonion\x64\debug\vc143.idb
f:\code\greenonion\greenonion\x64\debug\main.obj
f:\code\greenonion\greenonion\x64\debug\application.obj
f:\code\greenonion\greenonion\x64\debug\server.obj
f:\code\greenonion\greenonion\x64\debug\session.obj
f:\code\greenonion\greenonion\x64\debug\iothread.obj
f:\code\greenonionserver\greenonion\x64\debug\vc143.pdb
f:\code\greenonionserver\greenonion\x64\debug\vc143.idb
f:\code\greenonionserver\greenonion\x64\debug\session.obj
f:\code\greenonionserver\greenonion\x64\debug\server.obj
f:\code\greenonionserver\greenonion\x64\debug\main.obj
f:\code\greenonionserver\greenonion\x64\debug\iothread.obj
f:\code\greenonionserver\greenonion\x64\debug\application.obj
f:\code\greenonionserver\greenonion\x64\debug\logsystem.obj
f:\code\greenonionserver\greenonion\x64\debug\logdata.obj
f:\code\greenonionserver\greenonion\x64\debug\sessionmanager.obj
f:\code\greenonionserver\greenonion\x64\debug\bufferpool.obj
f:\code\greenonion\x64\debug\greenonion.exe
f:\code\greenonion\greenonion\x64\debug\greenonion.ilk
f:\code\greenonion\x64\debug\greenonion.pdb
f:\code\greenonionserver\x64\debug\greenonion.exe
f:\code\greenonionserver\greenonion\x64\debug\greenonion.ilk
f:\code\greenonionserver\x64\debug\greenonion.pdb
f:\code\greenonionserver\greenonion\x64\debug\log.obj
f:\code\greenonionserver\greenonion\x64\debug\greenonion.tlog\cl.command.1.tlog
f:\code\greenonionserver\greenonion\x64\debug\greenonion.tlog\cl.read.1.tlog
f:\code\greenonionserver\greenonion\x64\debug\greenonion.tlog\cl.write.1.tlog
f:\code\greenonionserver\greenonion\x64\debug\greenonion.tlog\link.command.1.tlog
f:\code\greenonionserver\greenonion\x64\debug\greenonion.tlog\link.read.1.tlog
f:\code\greenonionserver\greenonion\x64\debug\greenonion.tlog\link.write.1.tlog
