  모듈 종속성의 소스를 검사하는 중...
  Packet.h
  컴파일하는 중...
  Packet.h
F:\Code\GreenOnionServer\GreenOnion\Buffer.h(20,1): warning C4267: '초기화 중': 'size_t'에서 'int32_t'(으)로 변환하면서 데이터가 손실될 수 있습니다.
F:\Code\GreenOnionServer\GreenOnion\Buffer.h(43,1): warning C4267: '초기화 중': 'size_t'에서 'int32_t'(으)로 변환하면서 데이터가 손실될 수 있습니다.
F:\Code\GreenOnionServer\GreenOnion\Buffer.h(88,1): warning C4267: '=': 'size_t'에서 'int32_t'(으)로 변환하면서 데이터가 손실될 수 있습니다.
F:\Code\GreenOnionServer\GreenOnion\Buffer.h(89,1): warning C4267: '=': 'size_t'에서 'int32_t'(으)로 변환하면서 데이터가 손실될 수 있습니다.
F:\Code\GreenOnionServer\GreenOnion\Buffer.h(103,1): warning C4267: '=': 'size_t'에서 'int32_t'(으)로 변환하면서 데이터가 손실될 수 있습니다.
F:\Code\GreenOnionServer\GreenOnion\Buffer.h(124,1): warning C4267: '=': 'size_t'에서 'int32_t'(으)로 변환하면서 데이터가 손실될 수 있습니다.
F:\Code\GreenOnionServer\GreenOnion\Buffer.h(125,1): warning C4267: '=': 'size_t'에서 'int32_t'(으)로 변환하면서 데이터가 손실될 수 있습니다.
F:\Code\GreenOnionServer\GreenOnion\Buffer.h(134,1): warning C4267: '=': 'size_t'에서 'int32_t'(으)로 변환하면서 데이터가 손실될 수 있습니다.
F:\Code\GreenOnionServer\GreenOnion\Buffer.h(176,16): warning C4267: '+=': 'size_t'에서 'int32_t'(으)로 변환하면서 데이터가 손실될 수 있습니다.
F:\Code\GreenOnionServer\GreenOnion\Buffer.h(185,20): warning C4267: '+=': 'size_t'에서 'int32_t'(으)로 변환하면서 데이터가 손실될 수 있습니다.
F:\Code\GreenOnionServer\GreenOnion\Buffer.h(186,16): warning C4267: '-=': 'size_t'에서 'int32_t'(으)로 변환하면서 데이터가 손실될 수 있습니다.
F:\Code\GreenOnionServer\GreenOnion\Serializer.h(14,1): warning C4267: '초기화 중': 'size_t'에서 'uint16_t'(으)로 변환하면서 데이터가 손실될 수 있습니다.
F:\Code\GreenOnionServer\GreenOnion\Packet.h(25,60): warning C4244: '인수': 'uint16_t'에서 'const uint8_t'(으)로 변환하면서 데이터가 손실될 수 있습니다.
F:\Code\GreenOnionServer\GreenOnion\Packet.h(26,33): warning C4244: '인수': 'const uint16_t'에서 'const uint8_t'(으)로 변환하면서 데이터가 손실될 수 있습니다.
F:\Code\GreenOnionServer\GreenOnion\Buffer.h(72): warning C4172: 지역 변수 또는 임시: new_buffer의 주소를 반환하고 있습니다.
  LoginPacket.cpp
F:\Code\GreenOnionServer\GreenOnion\Buffer.h(20,1): warning C4267: '초기화 중': 'size_t'에서 'int32_t'(으)로 변환하면서 데이터가 손실될 수 있습니다.
F:\Code\GreenOnionServer\GreenOnion\Buffer.h(43,1): warning C4267: '초기화 중': 'size_t'에서 'int32_t'(으)로 변환하면서 데이터가 손실될 수 있습니다.
F:\Code\GreenOnionServer\GreenOnion\Buffer.h(88,1): warning C4267: '=': 'size_t'에서 'int32_t'(으)로 변환하면서 데이터가 손실될 수 있습니다.
F:\Code\GreenOnionServer\GreenOnion\Buffer.h(89,1): warning C4267: '=': 'size_t'에서 'int32_t'(으)로 변환하면서 데이터가 손실될 수 있습니다.
F:\Code\GreenOnionServer\GreenOnion\Buffer.h(103,1): warning C4267: '=': 'size_t'에서 'int32_t'(으)로 변환하면서 데이터가 손실될 수 있습니다.
F:\Code\GreenOnionServer\GreenOnion\Buffer.h(124,1): warning C4267: '=': 'size_t'에서 'int32_t'(으)로 변환하면서 데이터가 손실될 수 있습니다.
F:\Code\GreenOnionServer\GreenOnion\Buffer.h(125,1): warning C4267: '=': 'size_t'에서 'int32_t'(으)로 변환하면서 데이터가 손실될 수 있습니다.
F:\Code\GreenOnionServer\GreenOnion\Buffer.h(134,1): warning C4267: '=': 'size_t'에서 'int32_t'(으)로 변환하면서 데이터가 손실될 수 있습니다.
F:\Code\GreenOnionServer\GreenOnion\Buffer.h(176,16): warning C4267: '+=': 'size_t'에서 'int32_t'(으)로 변환하면서 데이터가 손실될 수 있습니다.
F:\Code\GreenOnionServer\GreenOnion\Buffer.h(185,20): warning C4267: '+=': 'size_t'에서 'int32_t'(으)로 변환하면서 데이터가 손실될 수 있습니다.
F:\Code\GreenOnionServer\GreenOnion\Buffer.h(186,16): warning C4267: '-=': 'size_t'에서 'int32_t'(으)로 변환하면서 데이터가 손실될 수 있습니다.
F:\Code\GreenOnionServer\GreenOnion\Serializer.h(14,1): warning C4267: '초기화 중': 'size_t'에서 'uint16_t'(으)로 변환하면서 데이터가 손실될 수 있습니다.
F:\Code\GreenOnionServer\GreenOnion\Packet.h(25,60): warning C4244: '인수': 'uint16_t'에서 'const uint8_t'(으)로 변환하면서 데이터가 손실될 수 있습니다.
F:\Code\GreenOnionServer\GreenOnion\Packet.h(26,33): warning C4244: '인수': 'const uint16_t'에서 'const uint8_t'(으)로 변환하면서 데이터가 손실될 수 있습니다.
  Session.cpp
  Please define _WIN32_WINNT or _WIN32_WINDOWS appropriately. For example:
  - add -D_WIN32_WINNT=0x0601 to the compiler command line; or
  - add _WIN32_WINNT=0x0601 to your project's Preprocessor Definitions.
  Assuming _WIN32_WINNT=0x0601 (i.e. Windows 7 target).
C:\Program Files (x86)\Windows Kits\10\Include\10.0.19041.0\um\winbase.h(9531,5): warning C5105: 'defined'를 생성하는 매크로 확장에 정의되지 않은 동작이 있습니다.
C:\Program Files (x86)\Windows Kits\10\Include\10.0.19041.0\shared\ntverp.h(58,47): warning C5104: 매크로 대체 목록에서 'L#x'을(를) 찾았습니다. 'L""#x'이(가) 아닌지 확인하세요.
C:\Program Files (x86)\Windows Kits\10\Include\10.0.19041.0\shared\ntverp.h(58,56): warning C5104: 매크로 대체 목록에서 'L#y'을(를) 찾았습니다. 'L""#y'이(가) 아닌지 확인하세요.
C:\Program Files (x86)\Windows Kits\10\Include\10.0.19041.0\shared\ntverp.h(99,82): warning C5104: 매크로 대체 목록에서 'L#x'을(를) 찾았습니다. 'L""#x'이(가) 아닌지 확인하세요.
C:\Program Files (x86)\Windows Kits\10\Include\10.0.19041.0\shared\ntverp.h(101,82): warning C5104: 매크로 대체 목록에서 'L#x'을(를) 찾았습니다. 'L""#x'이(가) 아닌지 확인하세요.
C:\Program Files (x86)\Windows Kits\10\Include\10.0.19041.0\shared\ntverp.h(101,91): warning C5104: 매크로 대체 목록에서 'L#y'을(를) 찾았습니다. 'L""#y'이(가) 아닌지 확인하세요.
F:\Code\GreenOnionServer\GreenOnion\Buffer.h(20,1): warning C4267: '초기화 중': 'size_t'에서 'int32_t'(으)로 변환하면서 데이터가 손실될 수 있습니다.
F:\Code\GreenOnionServer\GreenOnion\Buffer.h(43,1): warning C4267: '초기화 중': 'size_t'에서 'int32_t'(으)로 변환하면서 데이터가 손실될 수 있습니다.
F:\Code\GreenOnionServer\GreenOnion\Buffer.h(88,1): warning C4267: '=': 'size_t'에서 'int32_t'(으)로 변환하면서 데이터가 손실될 수 있습니다.
F:\Code\GreenOnionServer\GreenOnion\Buffer.h(89,1): warning C4267: '=': 'size_t'에서 'int32_t'(으)로 변환하면서 데이터가 손실될 수 있습니다.
F:\Code\GreenOnionServer\GreenOnion\Buffer.h(103,1): warning C4267: '=': 'size_t'에서 'int32_t'(으)로 변환하면서 데이터가 손실될 수 있습니다.
F:\Code\GreenOnionServer\GreenOnion\Buffer.h(124,1): warning C4267: '=': 'size_t'에서 'int32_t'(으)로 변환하면서 데이터가 손실될 수 있습니다.
F:\Code\GreenOnionServer\GreenOnion\Buffer.h(125,1): warning C4267: '=': 'size_t'에서 'int32_t'(으)로 변환하면서 데이터가 손실될 수 있습니다.
F:\Code\GreenOnionServer\GreenOnion\Buffer.h(134,1): warning C4267: '=': 'size_t'에서 'int32_t'(으)로 변환하면서 데이터가 손실될 수 있습니다.
F:\Code\GreenOnionServer\GreenOnion\Buffer.h(176,16): warning C4267: '+=': 'size_t'에서 'int32_t'(으)로 변환하면서 데이터가 손실될 수 있습니다.
F:\Code\GreenOnionServer\GreenOnion\Buffer.h(185,20): warning C4267: '+=': 'size_t'에서 'int32_t'(으)로 변환하면서 데이터가 손실될 수 있습니다.
F:\Code\GreenOnionServer\GreenOnion\Buffer.h(186,16): warning C4267: '-=': 'size_t'에서 'int32_t'(으)로 변환하면서 데이터가 손실될 수 있습니다.
F:\Code\GreenOnionServer\GreenOnion\CricularBuffer.h(46,12): warning C4477: 'printf' : 서식 문자열 '%llu'에 'unsigned __int64' 형식의 인수가 필요하지만 variadic 인수 1의 형식이 'int32_t'입니다.
F:\Code\GreenOnionServer\GreenOnion\CricularBuffer.h(46,12): message : 서식 문자열에서 '%u'을(를) 사용하는 것이 좋습니다.
F:\Code\GreenOnionServer\GreenOnion\CricularBuffer.h(46,12): message : 서식 문자열에서 '%I32u'을(를) 사용하는 것이 좋습니다.
F:\Code\GreenOnionServer\GreenOnion\CricularBuffer.h(46,12): warning C4477: 'printf' : 서식 문자열 '%llu'에 'unsigned __int64' 형식의 인수가 필요하지만 variadic 인수 4의 형식이 'int32_t'입니다.
F:\Code\GreenOnionServer\GreenOnion\CricularBuffer.h(46,12): message : 서식 문자열에서 '%u'을(를) 사용하는 것이 좋습니다.
F:\Code\GreenOnionServer\GreenOnion\CricularBuffer.h(46,12): message : 서식 문자열에서 '%I32u'을(를) 사용하는 것이 좋습니다.
F:\Code\GreenOnionServer\GreenOnion\CricularBuffer.h(68,16): warning C4267: '+=': 'size_t'에서 'int32_t'(으)로 변환하면서 데이터가 손실될 수 있습니다.
F:\Code\GreenOnionServer\GreenOnion\CricularBuffer.h(81,21): warning C4267: '+=': 'size_t'에서 'int32_t'(으)로 변환하면서 데이터가 손실될 수 있습니다.
F:\Code\GreenOnionServer\GreenOnion\CricularBuffer.h(91,1): warning C4267: '=': 'size_t'에서 'int32_t'(으)로 변환하면서 데이터가 손실될 수 있습니다.
F:\Code\GreenOnionServer\GreenOnion\CricularBuffer.h(93,16): warning C4267: '-=': 'size_t'에서 'int32_t'(으)로 변환하면서 데이터가 손실될 수 있습니다.
F:\Code\GreenOnionServer\GreenOnion\NetWorkBuffer.h(47,1): warning C4267: '인수': 'size_t'에서 'const _Ty'(으)로 변환하면서 데이터가 손실될 수 있습니다.
          with
          [
              _Ty=int
          ]
F:\Code\GreenOnionServer\GreenOnion\NetWorkBuffer.h(72,1): warning C4267: '인수': 'size_t'에서 'const _Ty'(으)로 변환하면서 데이터가 손실될 수 있습니다.
          with
          [
              _Ty=int
          ]
F:\Code\GreenOnionServer\GreenOnion\NetWorkBuffer.h(74,1): warning C4267: '인수': 'size_t'에서 'const _Ty'(으)로 변환하면서 데이터가 손실될 수 있습니다.
          with
          [
              _Ty=int
          ]
F:\Code\GreenOnionServer\GreenOnion\NetWorkBuffer.h(86,1): warning C4267: '인수': 'size_t'에서 'const _Ty'(으)로 변환하면서 데이터가 손실될 수 있습니다.
          with
          [
              _Ty=int
          ]
F:\Code\GreenOnionServer\GreenOnion\NetWorkBuffer.h(87,1): warning C4267: '인수': 'size_t'에서 'const _Ty'(으)로 변환하면서 데이터가 손실될 수 있습니다.
          with
          [
              _Ty=int
          ]
F:\Code\GreenOnionServer\GreenOnion\NetWorkBuffer.h(102,1): warning C4267: '인수': 'size_t'에서 'const _Ty'(으)로 변환하면서 데이터가 손실될 수 있습니다.
          with
          [
              _Ty=int
          ]
F:\Code\GreenOnionServer\GreenOnion\NetWorkBuffer.h(103,1): warning C4267: '인수': 'size_t'에서 'const _Ty'(으)로 변환하면서 데이터가 손실될 수 있습니다.
          with
          [
              _Ty=int
          ]
F:\Code\boost_1_79_0\boost\bind.hpp(41): message : The practice of declaring the Bind placeholders (_1, _2, ...) in the global namespace is deprecated. Please use <boost/bind/bind.hpp> + using namespace boost::placeholders, or define BOOST_BIND_GLOBAL_PLACEHOLDERS to retain the current behavior.
F:\Code\GreenOnionServer\GreenOnion\Serializer.h(14,1): warning C4267: '초기화 중': 'size_t'에서 'uint16_t'(으)로 변환하면서 데이터가 손실될 수 있습니다.
F:\Code\GreenOnionServer\GreenOnion\Packet.h(25,60): warning C4244: '인수': 'uint16_t'에서 'const uint8_t'(으)로 변환하면서 데이터가 손실될 수 있습니다.
F:\Code\GreenOnionServer\GreenOnion\Packet.h(26,33): warning C4244: '인수': 'const uint16_t'에서 'const uint8_t'(으)로 변환하면서 데이터가 손실될 수 있습니다.
F:\Code\GreenOnionServer\GreenOnion\Session.cpp(80,45): warning C4267: '인수': 'size_t'에서 'const _Ty'(으)로 변환하면서 데이터가 손실될 수 있습니다.
          with
          [
              _Ty=int
          ]
F:\Code\GreenOnionServer\GreenOnion\Session.cpp(81,38): warning C4267: '인수': 'size_t'에서 'const _Ty'(으)로 변환하면서 데이터가 손실될 수 있습니다.
          with
          [
              _Ty=int
          ]
F:\Code\GreenOnionServer\GreenOnion\Session.cpp(140,10): warning C4101: 'x' :참조되지 않은 지역 변수입니다.
  코드를 생성하고 있습니다...
  GreenOnion.vcxproj -> F:\Code\GreenOnionServer\x64\Debug\GreenOnion.exe
